mgl_device/mSalesMgl/build/outputs/logs/manifest-merger-debug-report.txt
-- Merging decision tree log ---
manifest
ADDED from src\main\AndroidManifest.xml:2:1-306:12
	package
		ADDED from src\main\AndroidManifest.xml:4:5-28
		INJECTED from src\main\AndroidManifest.xml
		INJECTED from src\main\AndroidManifest.xml
	android:versionName
		ADDED from src\main\AndroidManifest.xml:7:5-30
		INJECTED from src\main\AndroidManifest.xml
		INJECTED from src\main\AndroidManifest.xml
	xmlns:tools
		ADDED from src\main\AndroidManifest.xml:3:5-51
	android:versionCode
		ADDED from src\main\AndroidManifest.xml:6:5-28
		INJECTED from src\main\AndroidManifest.xml
		INJECTED from src\main\AndroidManifest.xml
	xmlns:android
		ADDED from src\main\AndroidManifest.xml:2:11-69
	android:installLocation
		ADDED from src\main\AndroidManifest.xml:5:5-35
uses-sdk
ADDED from src\main\AndroidManifest.xml:15:5-44
MERGED from [mgl_device:mobidbcomponent:unspecified] AndroidManifest.xml:7:5-9:41
MERGED from [com.android.support:multidex:1.0.1] AndroidManifest.xml:18:5-42
MERGED from [id.zelory:compressor:1.0.4] AndroidManifest.xml:8:5-10:41
	android:targetSdkVersion
		INJECTED from src\main\AndroidManifest.xml
		INJECTED from src\main\AndroidManifest.xml
	android:minSdkVersion
		ADDED from src\main\AndroidManifest.xml:15:15-41
		INJECTED from src\main\AndroidManifest.xml
		INJECTED from src\main\AndroidManifest.xml
uses-permission#android.permission.CAMERA
ADDED from src\main\AndroidManifest.xml:17:5-65
	android:name
		ADDED from src\main\AndroidManifest.xml:17:22-62
uses-permission#android.permission.WRITE_EXTERNAL_STORAGE
ADDED from src\main\AndroidManifest.xml:18:5-81
	android:name
		ADDED from src\main\AndroidManifest.xml:18:22-78
uses-permission#android.permission.READ_EXTERNAL_STORAGE
ADDED from src\main\AndroidManifest.xml:19:5-80
	android:name
		ADDED from src\main\AndroidManifest.xml:19:22-77
uses-permission#android.permission.READ_PHONE_STATE
ADDED from src\main\AndroidManifest.xml:20:5-21:37
	android:maxSdkVersion
		ADDED from src\main\AndroidManifest.xml:21:9-35
	android:name
		ADDED from src\main\AndroidManifest.xml:20:22-72
uses-permission#READ_PHONE_NUMBERS
ADDED from src\main\AndroidManifest.xml:22:5-58
	android:name
		ADDED from src\main\AndroidManifest.xml:22:22-55
uses-permission#android.permission.READ_PRIVILEGED_PHONE_STATE
ADDED from src\main\AndroidManifest.xml:24:5-86
	android:name
		ADDED from src\main\AndroidManifest.xml:24:22-83
uses-permission#android.permission.INTERNET
ADDED from src\main\AndroidManifest.xml:25:5-67
	android:name
		ADDED from src\main\AndroidManifest.xml:25:22-64
uses-permission#android.permission.ACCESS_COARSE_LOCATION
ADDED from src\main\AndroidManifest.xml:26:5-81
	android:name
		ADDED from src\main\AndroidManifest.xml:26:22-78
uses-permission#android.permission.ACCESS_FINE_LOCATION
ADDED from src\main\AndroidManifest.xml:27:5-79
	android:name
		ADDED from src\main\AndroidManifest.xml:27:22-76
uses-permission#android.permission.WAKE_LOCK
ADDED from src\main\AndroidManifest.xml:28:5-68
	android:name
		ADDED from src\main\AndroidManifest.xml:28:22-65
uses-permission#android.permission.ACCESS_NETWORK_STATE
ADDED from src\main\AndroidManifest.xml:29:5-79
	android:name
		ADDED from src\main\AndroidManifest.xml:29:22-76
uses-permission#android.permission.RECEIVE_BOOT_COMPLETED
ADDED from src\main\AndroidManifest.xml:30:5-81
	android:name
		ADDED from src\main\AndroidManifest.xml:30:22-78
uses-permission#android.permission.ACCESS_LOCATION_EXTRA_COMMANDS
ADDED from src\main\AndroidManifest.xml:31:5-89
	android:name
		ADDED from src\main\AndroidManifest.xml:31:22-86
uses-permission#android.permission.FOREGROUND_SERVICE
ADDED from src\main\AndroidManifest.xml:32:5-77
	android:name
		ADDED from src\main\AndroidManifest.xml:32:22-74
uses-feature#android.hardware.location.gps
ADDED from src\main\AndroidManifest.xml:35:5-66
	android:name
		ADDED from src\main\AndroidManifest.xml:35:19-63
uses-feature#android.hardware.camera
ADDED from src\main\AndroidManifest.xml:36:5-38:36
	android:required
		ADDED from src\main\AndroidManifest.xml:38:9-33
	android:name
		ADDED from src\main\AndroidManifest.xml:37:9-47
application
ADDED from src\main\AndroidManifest.xml:40:5-304:19
MERGED from [mgl_device:mobidbcomponent:unspecified] AndroidManifest.xml:11:5-26:19
	android:label
		ADDED from src\main\AndroidManifest.xml:43:9-41
	android:hardwareAccelerated
		ADDED from src\main\AndroidManifest.xml:46:9-43
	android:icon
		ADDED from src\main\AndroidManifest.xml:42:9-43
		REJECTED from [mgl_device:mobidbcomponent:unspecified] AndroidManifest.xml:13:9-38
	android:largeHeap
		ADDED from src\main\AndroidManifest.xml:44:9-33
	android:allowBackup
		ADDED from [mgl_device:mobidbcomponent:unspecified] AndroidManifest.xml:12:9-36
	android:theme
		ADDED from src\main\AndroidManifest.xml:47:9-41
	tools:replace
		ADDED from src\main\AndroidManifest.xml:48:9-37
	android:name
		ADDED from src\main\AndroidManifest.xml:41:9-84
	android:usesCleartextTraffic
		ADDED from src\main\AndroidManifest.xml:45:9-44
uses-library#org.apache.http.legacy
ADDED from src\main\AndroidManifest.xml:49:9-88
	android:required
		ADDED from src\main\AndroidManifest.xml:49:61-85
	android:name
		ADDED from src\main\AndroidManifest.xml:49:23-60
activity#com.mobicule.android.msales.mgl.commons.view.SplashScreen
ADDED from src\main\AndroidManifest.xml:51:9-59:20
	android:screenOrientation
		ADDED from src\main\AndroidManifest.xml:53:13-49
	android:name
		ADDED from src\main\AndroidManifest.xml:52:13-85
intent-filter#android.intent.action.MAIN+android.intent.category.LAUNCHER
ADDED from src\main\AndroidManifest.xml:54:13-58:29
action#android.intent.action.MAIN
ADDED from src\main\AndroidManifest.xml:55:17-69
	android:name
		ADDED from src\main\AndroidManifest.xml:55:25-66
category#android.intent.category.LAUNCHER
ADDED from src\main\AndroidManifest.xml:57:17-77
	android:name
		ADDED from src\main\AndroidManifest.xml:57:27-74
provider#android.support.v4.content.FileProvider
ADDED from src\main\AndroidManifest.xml:61:9-71:20
	android:authorities
		ADDED from src\main\AndroidManifest.xml:63:13-48
	android:grantUriPermissions
		ADDED from src\main\AndroidManifest.xml:65:13-47
	android:exported
		ADDED from src\main\AndroidManifest.xml:64:13-37
	tools:replace
		ADDED from src\main\AndroidManifest.xml:66:13-48
	android:name
		ADDED from src\main\AndroidManifest.xml:62:13-67
meta-data#android.support.FILE_PROVIDER_PATHS
ADDED from src\main\AndroidManifest.xml:67:13-70:52
	android:resource
		ADDED from src\main\AndroidManifest.xml:69:17-50
	tools:replace
		ADDED from src\main\AndroidManifest.xml:70:17-49
	android:name
		ADDED from src\main\AndroidManifest.xml:68:17-67
activity#com.mobicule.android.msales.mgl.login.view.Login
ADDED from src\main\AndroidManifest.xml:73:9-75:52
	android:screenOrientation
		ADDED from src\main\AndroidManifest.xml:75:13-49
	android:name
		ADDED from src\main\AndroidManifest.xml:74:13-76
activity#com.mobicule.android.msales.mgl.menu.view.MainMenu
ADDED from src\main\AndroidManifest.xml:76:9-78:52
	android:screenOrientation
		ADDED from src\main\AndroidManifest.xml:78:13-49
	android:name
		ADDED from src\main\AndroidManifest.xml:77:13-78
activity#com.mobicule.android.msales.mgl.savedmetereading.view.SavedRandomMeterReadingCustomerInfo
ADDED from src\main\AndroidManifest.xml:79:9-81:52
	android:screenOrientation
		ADDED from src\main\AndroidManifest.xml:81:13-49
	android:name
		ADDED from src\main\AndroidManifest.xml:80:13-117
activity#com.mobicule.android.msales.mgl.mybookwalk.view.MyBookWalk
ADDED from src\main\AndroidManifest.xml:82:9-84:52
	android:screenOrientation
		ADDED from src\main\AndroidManifest.xml:84:13-49
	android:name
		ADDED from src\main\AndroidManifest.xml:83:13-86
activity#com.mobicule.android.msales.mgl.savedmetereading.view.SavedMainActivity
ADDED from src\main\AndroidManifest.xml:85:9-87:52
	android:screenOrientation
		ADDED from src\main\AndroidManifest.xml:87:13-49
	android:name
		ADDED from src\main\AndroidManifest.xml:86:13-99
activity#com.mobicule.android.msales.mgl.meterreading.view.CustomerInformation
ADDED from src\main\AndroidManifest.xml:88:9-90:52
	android:screenOrientation
		ADDED from src\main\AndroidManifest.xml:90:13-49
	android:name
		ADDED from src\main\AndroidManifest.xml:89:13-97
activity#com.mobicule.android.msales.mgl.meterreading.view.MeterReading
ADDED from src\main\AndroidManifest.xml:91:9-93:52
	android:screenOrientation
		ADDED from src\main\AndroidManifest.xml:93:13-49
	android:name
		ADDED from src\main\AndroidManifest.xml:92:13-90
activity#com.mobicule.android.msales.mgl.search.view.SearchInputActivity
ADDED from src\main\AndroidManifest.xml:94:9-96:52
	android:screenOrientation
		ADDED from src\main\AndroidManifest.xml:96:13-49
	android:name
		ADDED from src\main\AndroidManifest.xml:95:13-91
activity#com.mobicule.android.msales.mgl.updatecustomer.view.SavedUpdateCustomerSummary
ADDED from src\main\AndroidManifest.xml:97:9-99:52
	android:screenOrientation
		ADDED from src\main\AndroidManifest.xml:99:13-49
	android:name
		ADDED from src\main\AndroidManifest.xml:98:13-106
activity#com.mobicule.android.msales.mgl.updatecustomer.view.UpdateCustomerInfoActivity
ADDED from src\main\AndroidManifest.xml:100:9-102:52
	android:screenOrientation
		ADDED from src\main\AndroidManifest.xml:102:13-49
	android:name
		ADDED from src\main\AndroidManifest.xml:101:13-106
activity#com.mobicule.android.msales.mgl.updatecustomer.view.SavedUpdateCustomer
ADDED from src\main\AndroidManifest.xml:103:9-105:52
	android:screenOrientation
		ADDED from src\main\AndroidManifest.xml:105:13-49
	android:name
		ADDED from src\main\AndroidManifest.xml:104:13-99
activity#com.mobicule.android.msales.mgl.updatecustomer.view.UpdateMeterActivity
ADDED from src\main\AndroidManifest.xml:106:9-108:52
	android:screenOrientation
		ADDED from src\main\AndroidManifest.xml:108:13-49
	android:name
		ADDED from src\main\AndroidManifest.xml:107:13-99
activity#com.mobicule.android.msales.mgl.updatecustomer.view.UpdateAddressActivity
ADDED from src\main\AndroidManifest.xml:109:9-111:52
	android:screenOrientation
		ADDED from src\main\AndroidManifest.xml:111:13-49
	android:name
		ADDED from src\main\AndroidManifest.xml:110:13-101
activity#com.mobicule.android.msales.mgl.updatecustomer.view.UpadteCustomerTakePictureActivity
ADDED from src\main\AndroidManifest.xml:112:9-114:52
	android:screenOrientation
		ADDED from src\main\AndroidManifest.xml:114:13-49
	android:name
		ADDED from src\main\AndroidManifest.xml:113:13-113
activity#com.mobicule.android.msales.mgl.updatecustomer.view.UpdateContactNoActivity
ADDED from src\main\AndroidManifest.xml:115:9-117:52
	android:screenOrientation
		ADDED from src\main\AndroidManifest.xml:117:13-49
	android:name
		ADDED from src\main\AndroidManifest.xml:116:13-103
activity#com.mobicule.android.msales.mgl.meterreading.view.CustomerSummary
ADDED from src\main\AndroidManifest.xml:118:9-120:52
	android:screenOrientation
		ADDED from src\main\AndroidManifest.xml:120:13-49
	android:name
		ADDED from src\main\AndroidManifest.xml:119:13-93
activity#com.mobicule.android.msales.mgl.search.view.SearchOutput
ADDED from src\main\AndroidManifest.xml:121:9-123:52
	android:screenOrientation
		ADDED from src\main\AndroidManifest.xml:123:13-49
	android:name
		ADDED from src\main\AndroidManifest.xml:122:13-84
activity#com.mobicule.android.msales.mgl.search.view.SearchCustomerSummary
ADDED from src\main\AndroidManifest.xml:124:9-126:52
	android:screenOrientation
		ADDED from src\main\AndroidManifest.xml:126:13-49
	android:name
		ADDED from src\main\AndroidManifest.xml:125:13-93
activity#com.mobicule.android.msales.mgl.search.view.SavedSummary
ADDED from src\main\AndroidManifest.xml:127:9-129:52
	android:screenOrientation
		ADDED from src\main\AndroidManifest.xml:129:13-49
	android:name
		ADDED from src\main\AndroidManifest.xml:128:13-84
activity#com.mobicule.android.msales.mgl.meterreading.view.Summary
ADDED from src\main\AndroidManifest.xml:130:9-132:52
	android:screenOrientation
		ADDED from src\main\AndroidManifest.xml:132:13-49
	android:name
		ADDED from src\main\AndroidManifest.xml:131:13-85
activity#com.mobicule.android.msales.mgl.meterreading.view.ImplausibleReading
ADDED from src\main\AndroidManifest.xml:133:9-135:52
	android:screenOrientation
		ADDED from src\main\AndroidManifest.xml:135:13-49
	android:name
		ADDED from src\main\AndroidManifest.xml:134:13-96
activity#com.mobicule.android.msales.mgl.search.view.DefaultSearchActivity
ADDED from src\main\AndroidManifest.xml:136:9-138:52
	android:screenOrientation
		ADDED from src\main\AndroidManifest.xml:138:13-49
	android:name
		ADDED from src\main\AndroidManifest.xml:137:13-93
activity#com.mobicule.android.msales.mgl.meterreading.view.BuildingListActivity
ADDED from src\main\AndroidManifest.xml:139:9-141:52
	android:screenOrientation
		ADDED from src\main\AndroidManifest.xml:141:13-49
	android:name
		ADDED from src\main\AndroidManifest.xml:140:13-98
activity#com.mobicule.android.msales.mgl.updatecustomer.view.UpdateCustomerSummaryActivity
ADDED from src\main\AndroidManifest.xml:142:9-144:52
	android:screenOrientation
		ADDED from src\main\AndroidManifest.xml:144:13-49
	android:name
		ADDED from src\main\AndroidManifest.xml:143:13-109
activity#com.mobicule.android.msales.mgl.updatecustomer.view.DefaultUpdateCustomerActivity
ADDED from src\main\AndroidManifest.xml:145:9-147:52
	android:screenOrientation
		ADDED from src\main\AndroidManifest.xml:147:13-49
	android:name
		ADDED from src\main\AndroidManifest.xml:146:13-109
activity#com.mobicule.android.msales.mgl.randommeterreading.view.TakePicture
ADDED from src\main\AndroidManifest.xml:148:9-150:52
	android:screenOrientation
		ADDED from src\main\AndroidManifest.xml:150:13-49
	android:name
		ADDED from src\main\AndroidManifest.xml:149:13-95
activity#com.mobicule.android.msales.mgl.randommeterreading.view.RandomMeterReadingActivity
ADDED from src\main\AndroidManifest.xml:151:9-153:52
	android:screenOrientation
		ADDED from src\main\AndroidManifest.xml:153:13-49
	android:name
		ADDED from src\main\AndroidManifest.xml:152:13-110
activity#com.mobicule.android.msales.mgl.randommeterreading.view.RandomMeterReadingSummary
ADDED from src\main\AndroidManifest.xml:154:9-156:52
	android:screenOrientation
		ADDED from src\main\AndroidManifest.xml:156:13-49
	android:name
		ADDED from src\main\AndroidManifest.xml:155:13-109
activity#com.mobicule.android.msales.mgl.randommeterreading.view.DefaultRandomMeterReadingActivity
ADDED from src\main\AndroidManifest.xml:157:9-159:52
	android:screenOrientation
		ADDED from src\main\AndroidManifest.xml:159:13-49
	android:name
		ADDED from src\main\AndroidManifest.xml:158:13-117
activity#com.mobicule.android.msales.mgl.meterreading.view.PhotoIntentActivity
ADDED from src\main\AndroidManifest.xml:160:9-163:52
	android:screenOrientation
		ADDED from src\main\AndroidManifest.xml:163:13-49
	android:configChanges
		ADDED from src\main\AndroidManifest.xml:162:13-59
	android:name
		ADDED from src\main\AndroidManifest.xml:161:13-97
service#com.mobicule.android.msales.mgl.commons.model.NotifyService
ADDED from src\main\AndroidManifest.xml:165:9-95
	android:name
		ADDED from src\main\AndroidManifest.xml:165:18-92
receiver#com.mobicule.android.msales.mgl.commons.model.AlarmReceiver
ADDED from src\main\AndroidManifest.xml:167:9-96
	android:name
		ADDED from src\main\AndroidManifest.xml:167:19-93
activity#com.mobicule.android.msales.mgl.savedmetereading.view.SavedBuildingListActivity
ADDED from src\main\AndroidManifest.xml:169:9-171:52
	android:screenOrientation
		ADDED from src\main\AndroidManifest.xml:171:13-49
	android:name
		ADDED from src\main\AndroidManifest.xml:170:13-107
activity#com.mobicule.android.msales.mgl.savedmetereading.view.SavedCustomerInformation
ADDED from src\main\AndroidManifest.xml:172:9-174:52
	android:screenOrientation
		ADDED from src\main\AndroidManifest.xml:174:13-49
	android:name
		ADDED from src\main\AndroidManifest.xml:173:13-106
activity#com.mobicule.android.msales.mgl.meterreading.view.Inspection
ADDED from src\main\AndroidManifest.xml:175:9-177:52
	android:screenOrientation
		ADDED from src\main\AndroidManifest.xml:177:13-49
	android:name
		ADDED from src\main\AndroidManifest.xml:176:13-88
activity#com.mobicule.android.msales.mgl.savedmetereading.view.DefaultSavedMeterReadingActivity
ADDED from src\main\AndroidManifest.xml:178:9-180:52
	android:screenOrientation
		ADDED from src\main\AndroidManifest.xml:180:13-49
	android:name
		ADDED from src\main\AndroidManifest.xml:179:13-114
activity#com.mobicule.android.msales.mgl.jointicketing.JoinTicketingActivity
ADDED from src\main\AndroidManifest.xml:181:9-183:52
	android:screenOrientation
		ADDED from src\main\AndroidManifest.xml:183:13-49
	android:name
		ADDED from src\main\AndroidManifest.xml:182:13-95
activity#com.mobicule.android.msales.mgl.jointicketing.view.JoinTicketing
ADDED from src\main\AndroidManifest.xml:184:9-187:52
	android:screenOrientation
		ADDED from src\main\AndroidManifest.xml:187:13-49
	android:configChanges
		ADDED from src\main\AndroidManifest.xml:186:13-48
	android:name
		ADDED from src\main\AndroidManifest.xml:185:13-92
activity#com.mobicule.android.msales.mgl.jointicketing.view.JoinTicketingSummary
ADDED from src\main\AndroidManifest.xml:188:9-190:52
	android:screenOrientation
		ADDED from src\main\AndroidManifest.xml:190:13-49
	android:name
		ADDED from src\main\AndroidManifest.xml:189:13-99
activity#com.mobicule.android.msales.mgl.jointicketing.view.JoinTicketingFinalSummary
ADDED from src\main\AndroidManifest.xml:191:9-193:52
	android:screenOrientation
		ADDED from src\main\AndroidManifest.xml:193:13-49
	android:name
		ADDED from src\main\AndroidManifest.xml:192:13-104
activity#com.mobicule.android.msales.mgl.savedjointicketing.SavedJoinTicketingListActivity
ADDED from src\main\AndroidManifest.xml:194:9-196:52
	android:screenOrientation
		ADDED from src\main\AndroidManifest.xml:196:13-49
	android:name
		ADDED from src\main\AndroidManifest.xml:195:13-109
activity#com.mobicule.android.msales.mgl.savedjointicketing.SavedJoinTicketingInformation
ADDED from src\main\AndroidManifest.xml:197:9-199:52
	android:screenOrientation
		ADDED from src\main\AndroidManifest.xml:199:13-49
	android:name
		ADDED from src\main\AndroidManifest.xml:198:13-108
activity#com.mobicule.android.msales.mgl.sign.SignatureActivity
ADDED from src\main\AndroidManifest.xml:200:9-202:52
	android:screenOrientation
		ADDED from src\main\AndroidManifest.xml:202:13-49
	android:name
		ADDED from src\main\AndroidManifest.xml:201:13-82
activity#com.mobicule.android.msales.mgl.meterreading.view.VerifyMeterReadingActivity
ADDED from src\main\AndroidManifest.xml:203:9-205:52
	android:screenOrientation
		ADDED from src\main\AndroidManifest.xml:205:13-49
	android:name
		ADDED from src\main\AndroidManifest.xml:204:13-104
activity#com.mobicule.android.msales.mgl.search.view.SearchCustomerSummaryActivity
ADDED from src\main\AndroidManifest.xml:206:9-208:52
	android:screenOrientation
		ADDED from src\main\AndroidManifest.xml:208:13-49
	android:name
		ADDED from src\main\AndroidManifest.xml:207:13-101
service#com.mobicule.android.msales.mgl.commons.model.BackgroundService
ADDED from src\main\AndroidManifest.xml:210:9-99
	android:name
		ADDED from src\main\AndroidManifest.xml:210:18-96
service#com.mobicule.android.msales.mgl.timevariation.MtService
ADDED from src\main\AndroidManifest.xml:211:9-213:38
	android:enabled
		ADDED from src\main\AndroidManifest.xml:213:13-35
	android:name
		ADDED from src\main\AndroidManifest.xml:212:13-83
service#com.mobicule.android.msales.mgl.autotrigger.AutotriggerService
ADDED from src\main\AndroidManifest.xml:214:9-216:38
	android:enabled
		ADDED from src\main\AndroidManifest.xml:216:13-35
	android:name
		ADDED from src\main\AndroidManifest.xml:215:13-90
receiver#com.mobicule.android.msales.mgl.commons.model.BackgroundBroadcastReceiver
ADDED from src\main\AndroidManifest.xml:218:9-225:20
	android:name
		ADDED from src\main\AndroidManifest.xml:218:19-107
receiver#com.mobicule.android.msales.mgl.autotrigger.AutotriggerBroadcastReceiver
ADDED from src\main\AndroidManifest.xml:226:9-233:20
	android:name
		ADDED from src\main\AndroidManifest.xml:226:19-106
intent-filter#AutoTriggerAction+android.intent.action.BOOT_COMPLETED+android.intent.category.LAUNCHER
ADDED from src\main\AndroidManifest.xml:227:13-232:29
action#AutoTriggerAction
ADDED from src\main\AndroidManifest.xml:228:17-60
	android:name
		ADDED from src\main\AndroidManifest.xml:228:25-57
action#android.intent.action.BOOT_COMPLETED
ADDED from src\main\AndroidManifest.xml:229:17-79
	android:name
		ADDED from src\main\AndroidManifest.xml:229:25-76
activity#com.mobicule.android.msales.mgl.updatecustomer.view.DocumentImageActivity
ADDED from src\main\AndroidManifest.xml:243:9-245:52
	android:screenOrientation
		ADDED from src\main\AndroidManifest.xml:245:13-49
	android:name
		ADDED from src\main\AndroidManifest.xml:244:13-101
activity#com.mobicule.android.msales.mgl.updatecustomer.view.UpdateCustomerFinalSummaryActivity
ADDED from src\main\AndroidManifest.xml:246:9-248:52
	android:screenOrientation
		ADDED from src\main\AndroidManifest.xml:248:13-49
	android:name
		ADDED from src\main\AndroidManifest.xml:247:13-114
activity#com.mobicule.android.msales.mgl.onmplaning.view.OnMPlanningActivity
ADDED from src\main\AndroidManifest.xml:249:9-259:20
	android:screenOrientation
		ADDED from src\main\AndroidManifest.xml:251:13-49
	android:name
		ADDED from src\main\AndroidManifest.xml:250:13-95
activity#com.mobicule.android.msales.mgl.savedmetereading.view.SavedOnMListActivity
ADDED from src\main\AndroidManifest.xml:260:9-262:52
	android:screenOrientation
		ADDED from src\main\AndroidManifest.xml:262:13-49
	android:name
		ADDED from src\main\AndroidManifest.xml:261:13-102
activity#com.mobicule.android.msales.mgl.onmplaning.view.OnMPlanningSummaryActivity
ADDED from src\main\AndroidManifest.xml:263:9-265:52
	android:screenOrientation
		ADDED from src\main\AndroidManifest.xml:265:13-49
	android:name
		ADDED from src\main\AndroidManifest.xml:264:13-102
activity#com.mobicule.android.msales.mgl.onmplaning.view.OnMTakePictureActivity
ADDED from src\main\AndroidManifest.xml:266:9-268:52
	android:screenOrientation
		ADDED from src\main\AndroidManifest.xml:268:13-49
	android:name
		ADDED from src\main\AndroidManifest.xml:267:13-98
activity#com.mobicule.android.msales.mgl.onmplaning.view.DefaultOnMPlanningActivity
ADDED from src\main\AndroidManifest.xml:269:9-111
	android:name
		ADDED from src\main\AndroidManifest.xml:269:19-108
activity#com.mobicule.android.msales.mgl.savedmetereading.view.SavedOnMSummaryActivity
ADDED from src\main\AndroidManifest.xml:270:9-272:52
	android:screenOrientation
		ADDED from src\main\AndroidManifest.xml:272:13-49
	android:name
		ADDED from src\main\AndroidManifest.xml:271:13-105
service#com.mahanagar.notification.implementation.GCMPushReceiverService
ADDED from src\main\AndroidManifest.xml:273:9-279:19
	android:exported
		ADDED from src\main\AndroidManifest.xml:275:13-37
	android:name
		ADDED from src\main\AndroidManifest.xml:274:13-79
intent-filter#com.google.android.c2dm.intent.RECEIVE
ADDED from src\main\AndroidManifest.xml:276:13-278:29
action#com.google.android.c2dm.intent.RECEIVE
ADDED from src\main\AndroidManifest.xml:277:17-81
	android:name
		ADDED from src\main\AndroidManifest.xml:277:25-78
service#com.mahanagar.notification.implementation.GPSActivationService
ADDED from src\main\AndroidManifest.xml:280:9-282:38
	android:enabled
		ADDED from src\main\AndroidManifest.xml:282:13-35
	android:name
		ADDED from src\main\AndroidManifest.xml:281:13-77
receiver#com.mahanagar.notification.implementation.AlarmSnoozeReceiver
ADDED from src\main\AndroidManifest.xml:284:9-85
	android:name
		ADDED from src\main\AndroidManifest.xml:284:19-82
service#com.mahanagar.notification.implementation.LocationTrackingBackgroundService
ADDED from src\main\AndroidManifest.xml:286:9-288:38
	android:enabled
		ADDED from src\main\AndroidManifest.xml:288:13-35
	android:name
		ADDED from src\main\AndroidManifest.xml:287:13-90
receiver#com.mobicule.crashnotifier.backgroundmail.ConnectivityChangedBroadcastReceiver
ADDED from src\main\AndroidManifest.xml:290:9-296:20
	android:name
		ADDED from src\main\AndroidManifest.xml:290:19-112
receiver#com.mobicule.crashnotifier.CloseNotificationReceiver
ADDED from src\main\AndroidManifest.xml:297:9-89
	android:name
		ADDED from src\main\AndroidManifest.xml:297:19-86
service#com.mobicule.crashnotifier.EmailNotificationService
ADDED from src\main\AndroidManifest.xml:299:9-87
	android:name
		ADDED from src\main\AndroidManifest.xml:299:18-84
service#com.mobicule.crashnotifier.backgroundmail.SendBackgroundMailService
ADDED from src\main\AndroidManifest.xml:300:9-103
	android:name
		ADDED from src\main\AndroidManifest.xml:300:18-100
service#com.mobicule.android.msales.mgl.commons.model.BackgroundDataSendTaskNew
ADDED from src\main\AndroidManifest.xml:301:9-303:39
	android:exported
		ADDED from src\main\AndroidManifest.xml:303:13-37
	android:name
		ADDED from src\main\AndroidManifest.xml:302:13-99
activity#com.mobicule.android.component.db.DBComponentActivity
ADDED from [mgl_device:mobidbcomponent:unspecified] AndroidManifest.xml:15:9-25:20
	android:label
		ADDED from [mgl_device:mobidbcomponent:unspecified] AndroidManifest.xml:17:13-45
	android:name
		ADDED from [mgl_device:mobidbcomponent:unspecified] AndroidManifest.xml:16:13-81